2024-12-12 15:46:16,548 INFO o.a.j.u.JMeterUtils: Setting Locale to en_EN
2024-12-12 15:46:16,560 INFO o.a.j.JMeter: Loading user properties from: C:\Users\josec\Desktop\apache-jmeter-5.6.3\bin\user.properties
2024-12-12 15:46:16,561 INFO o.a.j.JMeter: Loading system properties from: C:\Users\josec\Desktop\apache-jmeter-5.6.3\bin\system.properties
2024-12-12 15:46:16,561 INFO o.a.j.JMeter: Setting JMeter property: csv1=../../inputs/dataset 0.3/1.csv
2024-12-12 15:46:16,561 INFO o.a.j.JMeter: Setting JMeter property: csv2=../../inputs/dataset 0.3/2.csv
2024-12-12 15:46:16,561 INFO o.a.j.JMeter: Setting JMeter property: csv3=../../inputs/dataset 0.3/3.csv
2024-12-12 15:46:16,561 INFO o.a.j.JMeter: Setting JMeter property: csv4=../../inputs/dataset 0.3/4 neo4j.csv
2024-12-12 15:46:16,561 INFO o.a.j.JMeter: Setting JMeter property: csv5=../../inputs/dataset 0.3/5.csv
2024-12-12 15:46:16,561 INFO o.a.j.JMeter: Setting JMeter property: csv6=../../inputs/dataset 0.3/6.csv
2024-12-12 15:46:16,561 INFO o.a.j.JMeter: Setting JMeter property: csv7=../../inputs/dataset 0.3/7.csv
2024-12-12 15:46:16,561 INFO o.a.j.JMeter: Setting JMeter property: csv8=../../inputs/dataset 0.3/8.csv
2024-12-12 15:46:16,561 INFO o.a.j.JMeter: Setting JMeter property: csv9=../../inputs/dataset 0.3/9.csv
2024-12-12 15:46:16,561 INFO o.a.j.JMeter: Setting JMeter property: csv10=../../inputs/dataset 0.3/10.csv
2024-12-12 15:46:16,565 INFO o.a.j.JMeter: Copyright (c) 1998-2024 The Apache Software Foundation
2024-12-12 15:46:16,565 INFO o.a.j.JMeter: Version 5.6.3
2024-12-12 15:46:16,565 INFO o.a.j.JMeter: java.version=21.0.4
2024-12-12 15:46:16,565 INFO o.a.j.JMeter: java.vm.name=Java HotSpot(TM) 64-Bit Server VM
2024-12-12 15:46:16,565 INFO o.a.j.JMeter: os.name=Windows 11
2024-12-12 15:46:16,565 INFO o.a.j.JMeter: os.arch=amd64
2024-12-12 15:46:16,565 INFO o.a.j.JMeter: os.version=10.0
2024-12-12 15:46:16,565 INFO o.a.j.JMeter: file.encoding=UTF-8
2024-12-12 15:46:16,565 INFO o.a.j.JMeter: java.awt.headless=true
2024-12-12 15:46:16,565 INFO o.a.j.JMeter: Max memory     =1073741824
2024-12-12 15:46:16,565 INFO o.a.j.JMeter: Available Processors =16
2024-12-12 15:46:16,571 INFO o.a.j.JMeter: Default Locale=English (EN)
2024-12-12 15:46:16,571 INFO o.a.j.JMeter: JMeter  Locale=English (EN)
2024-12-12 15:46:16,571 INFO o.a.j.JMeter: JMeterHome=C:\Users\josec\Desktop\apache-jmeter-5.6.3
2024-12-12 15:46:16,571 INFO o.a.j.JMeter: user.dir  =C:\Users\josec\Desktop\data-modeling-project\systems\neo4j
2024-12-12 15:46:16,571 INFO o.a.j.JMeter: PWD       =C:\Users\josec\Desktop\data-modeling-project\systems\neo4j
2024-12-12 15:46:16,581 INFO o.a.j.JMeter: IP: 192.168.0.13 Name: Eduardo FullName: 192.168.0.13
2024-12-12 15:46:16,589 INFO o.a.j.s.FileServer: Default base='C:\Users\josec\Desktop\data-modeling-project\systems\neo4j'
2024-12-12 15:46:16,589 INFO o.a.j.s.FileServer: Set new base='C:\Users\josec\Desktop\data-modeling-project\systems\neo4j\..\..\inputs'
2024-12-12 15:46:16,694 INFO o.a.j.s.SaveService: Testplan (JMX) version: 2.2. Testlog (JTL) version: 2.2
2024-12-12 15:46:16,716 INFO o.a.j.s.SaveService: Using SaveService properties version 5.0
2024-12-12 15:46:16,718 INFO o.a.j.s.SaveService: Using SaveService properties file encoding UTF-8
2024-12-12 15:46:16,720 INFO o.a.j.s.SaveService: Loading file: ..\..\inputs\jmetter_neo4j.jmx
2024-12-12 15:46:16,762 INFO o.a.j.JMeter: Creating summariser <summary>
2024-12-12 15:46:16,774 INFO o.a.j.e.StandardJMeterEngine: Running the test!
2024-12-12 15:46:16,774 INFO o.a.j.s.SampleEvent: List of sample_variables: []
2024-12-12 15:46:16,774 INFO o.a.j.s.SampleEvent: List of sample_variables: []
2024-12-12 15:46:16,777 INFO o.a.j.e.u.CompoundVariable: Note: Function class names must contain the string: '.functions.'
2024-12-12 15:46:16,777 INFO o.a.j.e.u.CompoundVariable: Note: Function class names must not contain the string: '.gui.'
2024-12-12 15:46:16,926 INFO o.a.j.JMeter: Running test (1734018376926)
2024-12-12 15:46:16,933 INFO o.a.j.e.StandardJMeterEngine: Starting ThreadGroup: 1 : Neo4j
2024-12-12 15:46:16,933 INFO o.a.j.e.StandardJMeterEngine: Starting 1 threads for group Neo4j.
2024-12-12 15:46:16,933 INFO o.a.j.e.StandardJMeterEngine: Thread will continue on error
2024-12-12 15:46:16,933 INFO o.a.j.t.ThreadGroup: Starting thread group... number=1 threads=1 ramp-up=0 delayedStart=false
2024-12-12 15:46:16,936 INFO o.a.j.t.ThreadGroup: Started thread group number 1
2024-12-12 15:46:16,936 INFO o.a.j.e.StandardJMeterEngine: All thread groups have been started
2024-12-12 15:46:16,941 INFO o.a.j.t.JMeterThread: Thread started: Neo4j 1-1
2024-12-12 15:46:16,949 INFO o.a.j.s.FileServer: Stored: ../../inputs/dataset 0.3/1.csv Alias: ../../inputs/dataset 0.3/1.csv@1585296407
2024-12-12 15:46:16,961 INFO o.a.j.s.SampleResult: Note: Sample TimeStamps are START times
2024-12-12 15:46:16,961 INFO o.a.j.s.SampleResult: sampleresult.default.encoding is set to UTF-8
2024-12-12 15:46:16,961 INFO o.a.j.s.SampleResult: sampleresult.useNanoTime=true
2024-12-12 15:46:16,961 INFO o.a.j.s.SampleResult: sampleresult.nanoThreadSleep=5000
2024-12-12 15:46:18,174 INFO o.a.j.s.FileServer: Stored: ../../inputs/dataset 0.3/2.csv Alias: ../../inputs/dataset 0.3/2.csv@1585296407
2024-12-12 15:46:18,570 INFO o.a.j.s.FileServer: Stored: ../../inputs/dataset 0.3/3.csv Alias: ../../inputs/dataset 0.3/3.csv@1585296407
2024-12-12 15:46:18,838 INFO o.a.j.s.FileServer: Stored: ../../inputs/dataset 0.3/4 neo4j.csv Alias: ../../inputs/dataset 0.3/4 neo4j.csv@1585296407
2024-12-12 15:46:21,768 INFO o.a.j.s.FileServer: Stored: ../../inputs/dataset 0.3/5.csv Alias: ../../inputs/dataset 0.3/5.csv@1585296407
2024-12-12 15:46:22,168 INFO o.a.j.s.FileServer: Stored: ../../inputs/dataset 0.3/6.csv Alias: ../../inputs/dataset 0.3/6.csv@1585296407
2024-12-12 15:46:22,983 INFO o.a.j.s.FileServer: Stored: ../../inputs/dataset 0.3/7.csv Alias: ../../inputs/dataset 0.3/7.csv@1585296407
2024-12-12 15:46:23,134 INFO o.a.j.s.FileServer: Stored: ../../inputs/dataset 0.3/8.csv Alias: ../../inputs/dataset 0.3/8.csv@1585296407
2024-12-12 15:46:23,599 INFO o.a.j.s.FileServer: Stored: ../../inputs/dataset 0.3/9.csv Alias: ../../inputs/dataset 0.3/9.csv@1585296407
2024-12-12 15:46:24,400 INFO o.a.j.s.FileServer: Stored: ../../inputs/dataset 0.3/10.csv Alias: ../../inputs/dataset 0.3/10.csv@1585296407
2024-12-12 15:46:24,555 INFO o.a.j.t.JMeterThread: Thread is done: Neo4j 1-1
2024-12-12 15:46:24,555 INFO o.a.j.t.JMeterThread: Thread finished: Neo4j 1-1
2024-12-12 15:46:24,555 INFO o.a.j.e.StandardJMeterEngine: Notifying test listeners of end of test
2024-12-12 15:46:24,555 INFO o.a.j.s.FileServer: Close: ../../inputs/dataset 0.3/8.csv@1585296407
2024-12-12 15:46:24,556 INFO o.a.j.s.FileServer: Close: ../../inputs/dataset 0.3/2.csv@1585296407
2024-12-12 15:46:24,556 INFO o.a.j.s.FileServer: Close: ../../inputs/dataset 0.3/9.csv@1585296407
2024-12-12 15:46:24,556 INFO o.a.j.s.FileServer: Close: ../../inputs/dataset 0.3/1.csv@1585296407
2024-12-12 15:46:24,556 INFO o.a.j.s.FileServer: Close: ../../inputs/dataset 0.3/7.csv@1585296407
2024-12-12 15:46:24,556 INFO o.a.j.s.FileServer: Close: ../../inputs/dataset 0.3/3.csv@1585296407
2024-12-12 15:46:24,556 INFO o.a.j.s.FileServer: Close: ../../inputs/dataset 0.3/6.csv@1585296407
2024-12-12 15:46:24,556 INFO o.a.j.s.FileServer: Close: ../../inputs/dataset 0.3/5.csv@1585296407
2024-12-12 15:46:24,556 INFO o.a.j.s.FileServer: Close: ../../inputs/dataset 0.3/4 neo4j.csv@1585296407
2024-12-12 15:46:24,556 INFO o.a.j.s.FileServer: Close: ../../inputs/dataset 0.3/10.csv@1585296407
2024-12-12 15:46:24,779 INFO o.a.j.r.Summariser: summary =    162 in 00:00:08 =   20.6/s Avg:    46 Min:     1 Max:  1000 Err:     0 (0.00%)
